<?xml version="1.0" encoding="UTF-8"?>
<!-- Generated by org.testng.reporters.JUnitXMLReporter -->
<testsuite hostname="ADMIN-PC" name="Chrome test" tests="5" failures="0" timestamp="19 Nov 2019 11:29:22 GMT" time="7.509" errors="0">
  <testcase name="Tc_5" time="0.023" classname="com.parallelTestcase.ParralelTestExecution1"/>
  <testcase name="Tc_6" time="0.023" classname="com.parallelTestcase.ParralelTestExecution1"/>
  <testcase name="Tc_7" time="0.002" classname="com.parallelTestcase.ParralelTestExecution1"/>
  <testcase name="Tc_8" time="0.002" classname="com.parallelTestcase.ParralelTestExecution1"/>
  <testcase name="Tc_1" time="3.059" classname="com.parallelTestcase.ParalletTestcase"/>
</testsuite> <!-- Chrome test -->
