<?xml version="1.0" encoding="UTF-8"?>
<testng-results skipped="1" failed="0" total="10" passed="9">
  <reporter-output>
  </reporter-output>
  <suite name="Parrallet test suit" duration-ms="7509" started-at="2019-11-19T11:29:15Z" finished-at="2019-11-19T11:29:22Z">
    <groups>
    </groups>
    <test name="IE Test " duration-ms="2324" started-at="2019-11-19T11:29:15Z" finished-at="2019-11-19T11:29:17Z">
      <class name="com.parallelTestcase.ParalletTestcase">
        <test-method status="FAIL" signature="RunBrowser(java.lang.String)[pri:0, instance:com.parallelTestcase.ParalletTestcase@d80b78]" name="RunBrowser" is-config="true" duration-ms="0" started-at="2019-11-19T16:59:15Z" finished-at="2019-11-19T16:59:15Z">
          <params>
            <param index="0">
              <value>
                <![CDATA[IE]]>
              </value>
            </param>
          </params>
          <exception class="org.openqa.selenium.remote.SessionNotFoundException">
            <message>
              <![CDATA[Unexpected error launching Internet Explorer. Protected Mode settings are not the same for all zones. Enable Protected Mode must be set to the same value (enabled or disabled) for all zones. (WARNING: The server did not provide any stacktrace information)
Command duration or timeout: 931 milliseconds
Build info: version: '2.52.0', revision: '4c2593c', time: '2016-02-11 19:06:42'
System info: host: 'ADMIN-PC', ip: '192.168.43.178', os.name: 'Windows 7', os.arch: 'x86', os.version: '6.1', java.version: '1.8.0_131'
Driver info: org.openqa.selenium.ie.InternetExplorerDriver]]>
            </message>
            <full-stacktrace>
              <![CDATA[org.openqa.selenium.remote.SessionNotFoundException: Unexpected error launching Internet Explorer. Protected Mode settings are not the same for all zones. Enable Protected Mode must be set to the same value (enabled or disabled) for all zones. (WARNING: The server did not provide any stacktrace information)
Command duration or timeout: 931 milliseconds
Build info: version: '2.52.0', revision: '4c2593c', time: '2016-02-11 19:06:42'
System info: host: 'ADMIN-PC', ip: '192.168.43.178', os.name: 'Windows 7', os.arch: 'x86', os.version: '6.1', java.version: '1.8.0_131'
Driver info: org.openqa.selenium.ie.InternetExplorerDriver
	at sun.reflect.NativeConstructorAccessorImpl.newInstance0(Native Method)
	at sun.reflect.NativeConstructorAccessorImpl.newInstance(NativeConstructorAccessorImpl.java:62)
	at sun.reflect.DelegatingConstructorAccessorImpl.newInstance(DelegatingConstructorAccessorImpl.java:45)
	at java.lang.reflect.Constructor.newInstance(Constructor.java:423)
	at org.openqa.selenium.remote.ErrorHandler.createThrowable(ErrorHandler.java:206)
	at org.openqa.selenium.remote.ErrorHandler.throwIfResponseFailed(ErrorHandler.java:164)
	at org.openqa.selenium.remote.RemoteWebDriver.execute(RemoteWebDriver.java:678)
	at org.openqa.selenium.remote.RemoteWebDriver.startSession(RemoteWebDriver.java:249)
	at org.openqa.selenium.remote.RemoteWebDriver.startSession(RemoteWebDriver.java:234)
	at org.openqa.selenium.ie.InternetExplorerDriver.run(InternetExplorerDriver.java:182)
	at org.openqa.selenium.ie.InternetExplorerDriver.<init>(InternetExplorerDriver.java:174)
	at org.openqa.selenium.ie.InternetExplorerDriver.<init>(InternetExplorerDriver.java:146)
	at com.parallelTestcase.ParalletTestcase.RunBrowser(ParalletTestcase.java:23)
	at sun.reflect.NativeMethodAccessorImpl.invoke0(Native Method)
	at sun.reflect.NativeMethodAccessorImpl.invoke(NativeMethodAccessorImpl.java:62)
	at sun.reflect.DelegatingMethodAccessorImpl.invoke(DelegatingMethodAccessorImpl.java:43)
	at java.lang.reflect.Method.invoke(Method.java:498)
	at org.testng.internal.MethodInvocationHelper.invokeMethod(MethodInvocationHelper.java:85)
	at org.testng.internal.Invoker.invokeConfigurationMethod(Invoker.java:510)
	at org.testng.internal.Invoker.invokeConfigurations(Invoker.java:211)
	at org.testng.internal.Invoker.invokeConfigurations(Invoker.java:138)
	at org.testng.internal.TestMethodWorker.invokeBeforeClassMethods(TestMethodWorker.java:170)
	at org.testng.internal.TestMethodWorker.run(TestMethodWorker.java:104)
	at org.testng.TestRunner.privateRun(TestRunner.java:774)
	at org.testng.TestRunner.run(TestRunner.java:624)
	at org.testng.SuiteRunner.runTest(SuiteRunner.java:359)
	at org.testng.SuiteRunner.access$000(SuiteRunner.java:39)
	at org.testng.SuiteRunner$SuiteWorker.run(SuiteRunner.java:393)
	at org.testng.internal.thread.ThreadUtil$2.call(ThreadUtil.java:64)
	at java.util.concurrent.FutureTask.run(FutureTask.java:266)
	at java.util.concurrent.ThreadPoolExecutor.runWorker(ThreadPoolExecutor.java:1142)
	at java.util.concurrent.ThreadPoolExecutor$Worker.run(ThreadPoolExecutor.java:617)
	at java.lang.Thread.run(Thread.java:748)
]]>
            </full-stacktrace>
          </exception> <!-- org.openqa.selenium.remote.SessionNotFoundException -->
          <reporter-output>
          </reporter-output>
        </test-method> <!-- RunBrowser -->
        <test-method status="SKIP" signature="Tc_1()[pri:0, instance:com.parallelTestcase.ParalletTestcase@d80b78]" name="Tc_1" duration-ms="1" started-at="2019-11-19T16:59:17Z" finished-at="2019-11-19T16:59:17Z">
          <reporter-output>
          </reporter-output>
        </test-method> <!-- Tc_1 -->
      </class> <!-- com.parallelTestcase.ParalletTestcase -->
      <class name="com.parallelTestcase.ParralelTestExecution1">
        <test-method status="PASS" signature="Tc_5()[pri:0, instance:com.parallelTestcase.ParralelTestExecution1@1e88b3c]" name="Tc_5" duration-ms="35" started-at="2019-11-19T16:59:15Z" finished-at="2019-11-19T16:59:15Z">
          <reporter-output>
          </reporter-output>
        </test-method> <!-- Tc_5 -->
        <test-method status="PASS" signature="Tc_6()[pri:0, instance:com.parallelTestcase.ParralelTestExecution1@1e88b3c]" name="Tc_6" duration-ms="5" started-at="2019-11-19T16:59:15Z" finished-at="2019-11-19T16:59:15Z">
          <reporter-output>
          </reporter-output>
        </test-method> <!-- Tc_6 -->
        <test-method status="PASS" signature="Tc_7()[pri:0, instance:com.parallelTestcase.ParralelTestExecution1@1e88b3c]" name="Tc_7" duration-ms="3" started-at="2019-11-19T16:59:15Z" finished-at="2019-11-19T16:59:15Z">
          <reporter-output>
          </reporter-output>
        </test-method> <!-- Tc_7 -->
        <test-method status="PASS" signature="Tc_8()[pri:0, instance:com.parallelTestcase.ParralelTestExecution1@1e88b3c]" name="Tc_8" duration-ms="6" started-at="2019-11-19T16:59:15Z" finished-at="2019-11-19T16:59:15Z">
          <reporter-output>
          </reporter-output>
        </test-method> <!-- Tc_8 -->
      </class> <!-- com.parallelTestcase.ParralelTestExecution1 -->
    </test> <!-- IE Test  -->
    <test name="Chrome test" duration-ms="7509" started-at="2019-11-19T11:29:15Z" finished-at="2019-11-19T11:29:22Z">
      <class name="com.parallelTestcase.ParalletTestcase">
        <test-method status="PASS" signature="RunBrowser(java.lang.String)[pri:0, instance:com.parallelTestcase.ParalletTestcase@1057a39]" name="RunBrowser" is-config="true" duration-ms="4309" started-at="2019-11-19T16:59:15Z" finished-at="2019-11-19T16:59:19Z">
          <params>
            <param index="0">
              <value>
                <![CDATA[chrome]]>
              </value>
            </param>
          </params>
          <reporter-output>
          </reporter-output>
        </test-method> <!-- RunBrowser -->
        <test-method status="PASS" signature="Tc_1()[pri:0, instance:com.parallelTestcase.ParalletTestcase@1057a39]" name="Tc_1" duration-ms="3059" started-at="2019-11-19T16:59:19Z" finished-at="2019-11-19T16:59:22Z">
          <reporter-output>
          </reporter-output>
        </test-method> <!-- Tc_1 -->
      </class> <!-- com.parallelTestcase.ParalletTestcase -->
      <class name="com.parallelTestcase.ParralelTestExecution1">
        <test-method status="PASS" signature="Tc_5()[pri:0, instance:com.parallelTestcase.ParralelTestExecution1@15530b9]" name="Tc_5" duration-ms="23" started-at="2019-11-19T16:59:15Z" finished-at="2019-11-19T16:59:15Z">
          <reporter-output>
          </reporter-output>
        </test-method> <!-- Tc_5 -->
        <test-method status="PASS" signature="Tc_6()[pri:0, instance:com.parallelTestcase.ParralelTestExecution1@15530b9]" name="Tc_6" duration-ms="23" started-at="2019-11-19T16:59:15Z" finished-at="2019-11-19T16:59:15Z">
          <reporter-output>
          </reporter-output>
        </test-method> <!-- Tc_6 -->
        <test-method status="PASS" signature="Tc_7()[pri:0, instance:com.parallelTestcase.ParralelTestExecution1@15530b9]" name="Tc_7" duration-ms="2" started-at="2019-11-19T16:59:15Z" finished-at="2019-11-19T16:59:15Z">
          <reporter-output>
          </reporter-output>
        </test-method> <!-- Tc_7 -->
        <test-method status="PASS" signature="Tc_8()[pri:0, instance:com.parallelTestcase.ParralelTestExecution1@15530b9]" name="Tc_8" duration-ms="2" started-at="2019-11-19T16:59:15Z" finished-at="2019-11-19T16:59:15Z">
          <reporter-output>
          </reporter-output>
        </test-method> <!-- Tc_8 -->
      </class> <!-- com.parallelTestcase.ParralelTestExecution1 -->
    </test> <!-- Chrome test -->
  </suite> <!-- Parrallet test suit -->
</testng-results>
